<?xml version="1.0" encoding="UTF-8"?>
<!-- Generated by org.testng.reporters.JUnitReportReporter -->
<testsuite hostname="PG-TZ-IN-LP-031" failures="0" tests="1" name="com.TestCases.TC001" time="5.322" errors="0" timestamp="2021-11-22T20:01:29 IST" skipped="0">
  <testcase classname="com.TestCases.TC001" name="loginTest" time="5.322"/>
  <system-out/>
</testsuite> <!-- com.TestCases.TC001 -->
